<?xml version="1.0" encoding="UTF-8"?>
<!-- Generated by org.testng.reporters.JUnitReportReporter -->
<testsuite hostname="Swapnils-MacBook-Air.local" failures="0" tests="9" name="sauceDemo.SauceDemoTest" time="16.160" errors="0" timestamp="2024-02-07T12:56:20 IST" skipped="0">
  <testcase classname="sauceDemo.SauceDemoTest" name="open_loginpage" time="0.567"/>
  <system-out/>
  <testcase classname="sauceDemo.SauceDemoTest" name="login_with_invalid_credentials" time="2.167"/>
  <system-out/>
  <testcase classname="sauceDemo.SauceDemoTest" name="login_with_invalid_credentials" time="2.183"/>
  <system-out/>
  <testcase classname="sauceDemo.SauceDemoTest" name="login_with_invalid_credentials" time="2.202"/>
  <system-out/>
  <testcase classname="sauceDemo.SauceDemoTest" name="login_with_invalid_credentials" time="2.243"/>
  <system-out/>
  <testcase classname="sauceDemo.SauceDemoTest" name="login_with_invalid_credentials" time="2.165"/>
  <system-out/>
  <testcase classname="sauceDemo.SauceDemoTest" name="login_with_invalid_credentials" time="2.187"/>
  <system-out/>
  <testcase classname="sauceDemo.SauceDemoTest" name="login_with_valid_credentials" time="2.208"/>
  <system-out/>
  <testcase classname="sauceDemo.SauceDemoTest" name="select_random_items" time="0.238"/>
  <system-out/>
</testsuite> <!-- sauceDemo.SauceDemoTest -->
