<?xml version="1.0" encoding="UTF-8"?>
<!-- Generated by org.testng.reporters.JUnitReportReporter -->
<testsuite hostname="Swapnils-MacBook-Air.local" failures="0" tests="3" name="Test1" time="0.003" errors="0" timestamp="2023-05-10T00:52:20 IST" skipped="0">
  <testcase classname="Test1" name="openApp" time="0.003"/>
  <system-out/>
  <testcase classname="Test1" name="login" time="0.000"/>
  <system-out/>
  <testcase classname="Test1" name="logout" time="0.000"/>
  <system-out/>
</testsuite> <!-- Test1 -->
