<?xml version="1.0" encoding="UTF-8"?>
<!-- Generated by org.testng.reporters.JUnitReportReporter -->
<testsuite hostname="Swapnils-MacBook-Air.local" failures="0" tests="3" name="TestNGdemo.Test2" time="0.004" errors="0" timestamp="2023-05-10T13:43:35 IST" skipped="0">
  <testcase classname="TestNGdemo.Test2" name="testing5" time="0.002"/>
  <system-out/>
  <testcase classname="TestNGdemo.Test2" name="testing4" time="0.000"/>
  <system-out/>
  <testcase classname="TestNGdemo.Test2" name="testing2" time="0.002"/>
  <system-out/>
</testsuite> <!-- TestNGdemo.Test2 -->
